d:\projects\engine\engine\x64\debug\vc140.pdb
d:\projects\engine\engine\x64\debug\vc140.idb
d:\projects\engine\engine\x64\debug\abstractcamera.obj
d:\projects\engine\engine\x64\debug\abstractwindowcontroller.obj
d:\projects\engine\engine\x64\debug\d3d11controller.obj
d:\projects\engine\engine\x64\debug\windowcontroller.obj
d:\projects\engine\engine\x64\debug\dllmain.obj
d:\projects\engine\engine\x64\debug\light.obj
d:\projects\engine\engine\x64\debug\lightconstantbuffer.obj
d:\projects\engine\engine\x64\debug\matricesconstantbuffer.obj
d:\projects\engine\engine\x64\debug\abstractmodel.obj
d:\projects\engine\engine\x64\debug\quadtree.obj
d:\projects\engine\engine\x64\debug\shader.obj
d:\projects\engine\engine\x64\debug\terrain.obj
d:\projects\engine\engine\x64\debug\texture.obj
d:\projects\engine\engine\x64\debug\texturedterrain.obj
d:\projects\engine\engine\x64\debug\timer.obj
d:\projects\engine\engine\x64\debug\wicimagingfactory.obj
d:\projects\engine\x64\debug\colorpixelshader.cso
d:\projects\engine\x64\debug\colorvertexshader.cso
d:\projects\engine\engine\x64\debug\engine.tlog\cl.command.1.tlog
d:\projects\engine\engine\x64\debug\engine.tlog\cl.read.1.tlog
d:\projects\engine\engine\x64\debug\engine.tlog\cl.write.1.tlog
d:\projects\engine\engine\x64\debug\engine.tlog\engine.write.1u.tlog
d:\projects\engine\engine\x64\debug\engine.tlog\fxc.command.1.tlog
d:\projects\engine\engine\x64\debug\engine.tlog\fxc.read.1.tlog
d:\projects\engine\engine\x64\debug\engine.tlog\fxc.write.1.tlog
