E:\PROJECTS\ENGINE\ENGINE.WRAPPER\X64\DEBUG\ENGINE.WRAPPER.PCH
E:\PROJECTS\ENGINE\ENGINE.WRAPPER\X64\DEBUG\STDAFX.OBJ
E:\PROJECTS\ENGINE\ENGINE.WRAPPER\X64\DEBUG\VC110.PDB
E:\PROJECTS\ENGINE\ENGINE.WRAPPER\X64\DEBUG\D3D11PANEL.OBJ
E:\PROJECTS\ENGINE\ENGINE.WRAPPER\X64\DEBUG\ASSEMBLYINFO.OBJ
E:\PROJECTS\ENGINE\ENGINE.WRAPPER\X64\DEBUG\.NETFRAMEWORK,VERSION=V4.5.ASSEMBLYATTRIBUTES.OBJ
E:\Projects\Engine\Engine.Wrapper\x64\Debug\Engine.Wrapper.vcxprojResolveAssemblyReference.cache
E:\Projects\Engine\Engine.Wrapper\x64\Debug\.NETFramework,Version=v4.5.AssemblyAttributes.obj
E:\Projects\Engine\Engine.Wrapper\x64\Debug\AssemblyInfo.obj
E:\Projects\Engine\Engine.Wrapper\x64\Debug\D3D11Panel.obj
E:\Projects\Engine\Engine.Wrapper\x64\Debug\Stdafx.obj
E:\Projects\Engine\Engine.Wrapper\x64\Debug\cl.command.1.tlog
E:\Projects\Engine\Engine.Wrapper\x64\Debug\CL.read.1.tlog
E:\Projects\Engine\Engine.Wrapper\x64\Debug\CL.write.1.tlog
E:\Projects\Engine\Engine.Wrapper\x64\Debug\link.5672-cvtres.read.1.tlog
E:\Projects\Engine\Engine.Wrapper\x64\Debug\link.5672-cvtres.write.1.tlog
E:\Projects\Engine\Engine.Wrapper\x64\Debug\link.5672-rc.read.1.tlog
E:\Projects\Engine\Engine.Wrapper\x64\Debug\link.5672-rc.write.1.tlog
E:\Projects\Engine\Engine.Wrapper\x64\Debug\link.5672.read.1.tlog
E:\Projects\Engine\Engine.Wrapper\x64\Debug\link.5672.write.1.tlog
E:\Projects\Engine\Engine.Wrapper\x64\Debug\link.6896-cvtres.read.1.tlog
E:\Projects\Engine\Engine.Wrapper\x64\Debug\link.6896-cvtres.write.1.tlog
E:\Projects\Engine\Engine.Wrapper\x64\Debug\link.6896-rc.read.1.tlog
E:\Projects\Engine\Engine.Wrapper\x64\Debug\link.6896-rc.write.1.tlog
E:\Projects\Engine\Engine.Wrapper\x64\Debug\link.6896.read.1.tlog
E:\Projects\Engine\Engine.Wrapper\x64\Debug\link.6896.write.1.tlog
E:\Projects\Engine\Engine.Wrapper\x64\Debug\link.command.1.tlog
E:\Projects\Engine\Engine.Wrapper\x64\Debug\link.read.1.tlog
E:\Projects\Engine\Engine.Wrapper\x64\Debug\link.write.1.tlog
E:\Projects\Engine\Engine.Wrapper\x64\Debug\metagen.read.1.tlog
E:\Projects\Engine\Engine.Wrapper\x64\Debug\metagen.write.1.tlog
E:\Projects\Engine\Engine.Wrapper\x64\Debug\Engine.Wrapper.pch
E:\Projects\Engine\Engine.Wrapper\x64\Debug\vc110.pdb
E:\Projects\Engine\Engine.Wrapper\x64\Debug\TZRES.DLL.bi
E:\Projects\Engine\x64\Debug\Engine.Wrapper.pdb
E:\Projects\Engine\x64\Debug\Engine.Wrapper.ilk
