e:\projects\engine\engine.main\x64\debug\main.obj
e:\projects\engine\engine.main\x64\debug\vc110.pdb
e:\projects\engine\x64\debug\engine.main.ilk
e:\projects\engine\x64\debug\engine.main.exe
e:\projects\engine\x64\debug\engine.main.pdb
d:\projects\engine\engine.main\x64\debug\vc140.pdb
d:\projects\engine\engine.main\x64\debug\vc140.idb
d:\projects\engine\engine.main\x64\debug\main.obj
d:\projects\engine\x64\debug\engine.main.ilk
d:\projects\engine\x64\debug\engine.main.exe
d:\projects\engine\x64\debug\engine.main.pdb
d:\projects\engine\engine.main\x64\debug\cl.command.1.tlog
d:\projects\engine\engine.main\x64\debug\cl.read.1.tlog
d:\projects\engine\engine.main\x64\debug\cl.write.1.tlog
d:\projects\engine\engine.main\x64\debug\link-cvtres.read.1.tlog
d:\projects\engine\engine.main\x64\debug\link-cvtres.write.1.tlog
d:\projects\engine\engine.main\x64\debug\link-rc.read.1.tlog
d:\projects\engine\engine.main\x64\debug\link-rc.write.1.tlog
d:\projects\engine\engine.main\x64\debug\link.command.1.tlog
d:\projects\engine\engine.main\x64\debug\link.read.1.tlog
d:\projects\engine\engine.main\x64\debug\link.write.1.tlog
d:\projects\engine\engine.main\x64\debug\vc110.idb
d:\projects\engine\engine.main\x64\debug\vc110.pdb
d:\projects\engine\engine.main\x64\debug\engine.main.tlog\cl.command.1.tlog
d:\projects\engine\engine.main\x64\debug\engine.main.tlog\cl.read.1.tlog
d:\projects\engine\engine.main\x64\debug\engine.main.tlog\cl.write.1.tlog
d:\projects\engine\engine.main\x64\debug\engine.main.tlog\link.command.1.tlog
d:\projects\engine\engine.main\x64\debug\engine.main.tlog\link.read.1.tlog
d:\projects\engine\engine.main\x64\debug\engine.main.tlog\link.write.1.tlog
